<?xml version="1.0" encoding="UTF-8"?>
<!-- Generated by org.testng.reporters.JUnitReportReporter -->
<testsuite hostname="admin-PC" failures="0" tests="6" name="testclasses.VerifyAddtocartFunctionality" time="0.000" errors="0" timestamp="2023-10-18T16:37:32 IST" skipped="6">
  <testcase classname="testclasses.VerifyAddtocartFunctionality" name="verifyEngagmentRingCartFunctionality" time="0.000">
    <skipped/>
  </testcase> <!-- verifyEngagmentRingCartFunctionality -->
  <system-out/>
  <testcase classname="testclasses.VerifyAddtocartFunctionality" name="VerifyAddtocartFunctionalityOnComputer" time="0.000">
    <skipped/>
  </testcase> <!-- VerifyAddtocartFunctionalityOnComputer -->
  <system-out/>
  <testcase classname="testclasses.VerifyAddtocartFunctionality" name="verifyFahrenheitBookCartFunctionality" time="0.000">
    <skipped/>
  </testcase> <!-- verifyFahrenheitBookCartFunctionality -->
  <system-out/>
  <testcase classname="testclasses.VerifyAddtocartFunctionality" name="verifyFahrenheitBookCartFunctionality" time="0.000">
    <skipped/>
  </testcase> <!-- verifyFahrenheitBookCartFunctionality -->
  <system-out/>
  <testcase classname="testclasses.VerifyAddtocartFunctionality" name="VerifyAddtocartFunctionalityOnComputer" time="0.000">
    <skipped/>
  </testcase> <!-- VerifyAddtocartFunctionalityOnComputer -->
  <system-out/>
  <testcase classname="testclasses.VerifyAddtocartFunctionality" name="verifyEngagmentRingCartFunctionality" time="0.000">
    <skipped/>
  </testcase> <!-- verifyEngagmentRingCartFunctionality -->
  <system-out/>
</testsuite> <!-- testclasses.VerifyAddtocartFunctionality -->
